<?xml version="1.0" encoding="UTF-8"?>
<testng-results ignored="0" total="3" passed="3" failed="0" skipped="0">
  <reporter-output>
  </reporter-output>
  <suite started-at="2022-06-29T19:34:00 CDT" name="Suite" finished-at="2022-06-29T19:34:00 CDT" duration-ms="46">
    <groups>
    </groups>
    <test started-at="2022-06-29T19:34:00 CDT" name="Test" finished-at="2022-06-29T19:34:00 CDT" duration-ms="46">
      <class name="frameWork.FrameW2">
        <test-method signature="Test3()[pri:0, instance:frameWork.FrameW2@6a370f4]" started-at="2022-06-29T19:34:00 CDT" name="Test3" finished-at="2022-06-29T19:34:00 CDT" duration-ms="1" status="PASS">
          <reporter-output>
          </reporter-output>
        </test-method> <!-- Test3 -->
      </class> <!-- frameWork.FrameW2 -->
      <class name="frameWork.FrameW1">
        <test-method signature="test1()[pri:0, instance:frameWork.FrameW1@61d6015a]" started-at="2022-06-29T19:34:00 CDT" name="test1" finished-at="2022-06-29T19:34:00 CDT" duration-ms="8" status="PASS">
          <reporter-output>
          </reporter-output>
        </test-method> <!-- test1 -->
        <test-method signature="test2()[pri:0, instance:frameWork.FrameW1@61d6015a]" started-at="2022-06-29T19:34:00 CDT" name="test2" finished-at="2022-06-29T19:34:00 CDT" duration-ms="1" status="PASS">
          <reporter-output>
          </reporter-output>
        </test-method> <!-- test2 -->
      </class> <!-- frameWork.FrameW1 -->
    </test> <!-- Test -->
  </suite> <!-- Suite -->
</testng-results>
