<?xml version="1.0" encoding="UTF-8"?>
<testng-results ignored="0" total="1" passed="1" failed="0" skipped="0">
  <reporter-output>
  </reporter-output>
  <suite started-at="2022-07-04T13:14:21 CDT" name="Default suite" finished-at="2022-07-04T13:14:27 CDT" duration-ms="5762">
    <groups>
    </groups>
    <test started-at="2022-07-04T13:14:21 CDT" name="Default test" finished-at="2022-07-04T13:14:27 CDT" duration-ms="5762">
      <class name="TestingFrameWork.ExtentReports.ExtentReportDemo">
        <test-method is-config="true" signature="config()[pri:0, instance:TestingFrameWork.ExtentReports.ExtentReportDemo@e15b7e8]" started-at="2022-07-04T13:14:21 CDT" name="config" finished-at="2022-07-04T13:14:21 CDT" duration-ms="225" status="PASS">
          <reporter-output>
          </reporter-output>
        </test-method> <!-- config -->
        <test-method signature="InitialDemo()[pri:0, instance:TestingFrameWork.ExtentReports.ExtentReportDemo@e15b7e8]" started-at="2022-07-04T13:14:21 CDT" name="InitialDemo" finished-at="2022-07-04T13:14:27 CDT" duration-ms="5508" status="PASS">
          <reporter-output>
          </reporter-output>
        </test-method> <!-- InitialDemo -->
      </class> <!-- TestingFrameWork.ExtentReports.ExtentReportDemo -->
    </test> <!-- Default test -->
  </suite> <!-- Default suite -->
</testng-results>
